#
# There is insufficient memory for the Java Runtime Environment to continue.
# Native memory allocation (mmap) failed to map 139984896 bytes for committing reserved memory.
# Possible reasons:
#   The system is out of physical RAM or swap space
#   In 32 bit mode, the process size limit was hit
# Possible solutions:
#   Reduce memory load on the system
#   Increase physical memory or swap space
#   Check if swap backing store is full
#   Use 64 bit Java on a 64 bit OS
#   Decrease Java heap size (-Xmx/-Xms)
#   Decrease number of Java threads
#   Decrease Java thread stack sizes (-Xss)
#   Set larger code cache with -XX:ReservedCodeCacheSize=
# This output file may be truncated or incomplete.
#
#  Out of Memory Error (os_linux.cpp:2743), pid=28425, tid=0x00007f230728f700
#
# JRE version: Java(TM) SE Runtime Environment (8.0_191-b12) (build 1.8.0_191-b12)
# Java VM: Java HotSpot(TM) 64-Bit Server VM (25.191-b12 mixed mode linux-amd64 compressed oops)
# Failed to write core dump. Core dumps have been disabled. To enable core dumping, try "ulimit -c unlimited" before starting Java again
#

---------------  T H R E A D  ---------------

Current thread (0x00007f2328078800):  VMThread [stack: 0x00007f230718f000,0x00007f2307290000] [id=28435]

Stack: [0x00007f230718f000,0x00007f2307290000],  sp=0x00007f230728e470,  free space=1021k
Native frames: (J=compiled Java code, j=interpreted, Vv=VM code, C=native code)
V  [libjvm.so+0xace425]  VMError::report_and_die()+0x2c5
V  [libjvm.so+0x4deb77]  report_vm_out_of_memory(char const*, int, unsigned long, VMErrorType, char const*)+0x67
V  [libjvm.so+0x90c570]  os::pd_commit_memory(char*, unsigned long, unsigned long, bool)+0x100
V  [libjvm.so+0x903eaf]  os::commit_memory(char*, unsigned long, unsigned long, bool)+0x1f
V  [libjvm.so+0x988346]  PSVirtualSpace::expand_by(unsigned long)+0x56
V  [libjvm.so+0x97768b]  PSOldGen::expand_by(unsigned long) [clone .part.28]+0x1b
V  [libjvm.so+0x977848]  PSOldGen::expand(unsigned long) [clone .part.29]+0xa8
V  [libjvm.so+0x9783f1]  PSOldGen::resize(unsigned long)+0xe1
V  [libjvm.so+0x97e506]  PSParallelCompact::invoke_no_policy(bool) [clone .part.118]+0xa06
V  [libjvm.so+0x9862d5]  PSScavenge::invoke()+0x215
V  [libjvm.so+0x935fb8]  ParallelScavengeHeap::failed_mem_allocate(unsigned long)+0x68
V  [libjvm.so+0xacff53]  VM_ParallelGCFailedAllocation::doit()+0x93
V  [libjvm.so+0xad50f6]  VM_Operation::evaluate()+0x46
V  [libjvm.so+0xad347d]  VMThread::evaluate_operation(VM_Operation*) [clone .constprop.44]+0xcd
V  [libjvm.so+0xad3a3b]  VMThread::loop()+0x37b
V  [libjvm.so+0xad3de8]  VMThread::run()+0x78
V  [libjvm.so+0x909c92]  java_start(Thread*)+0x102

VM_Operation (0x00007f22d3ce94d0): ParallelGCFailedAllocation, mode: safepoint, requested by thread 0x00007f23282dc800


---------------  P R O C E S S  ---------------

Java Threads: ( => current thread )
  0x00007f22c005d800 JavaThread "Direct Clip" daemon [_thread_blocked, id=28459, stack(0x00007f22d30ba000,0x00007f22d31bb000)]
  0x00007f22c0057800 JavaThread "Java Sound Event Dispatcher" daemon [_thread_blocked, id=28457, stack(0x00007f22d31bb000,0x00007f22d32bc000)]
  0x00007f232800a800 JavaThread "DestroyJavaVM" [_thread_blocked, id=28429, stack(0x00007f232e8ae000,0x00007f232e9af000)]
  0x00007f23282dc800 JavaThread "AWT-EventQueue-0" [_thread_blocked, id=28447, stack(0x00007f22d3bec000,0x00007f22d3ced000)]
  0x00007f23282db000 JavaThread "AWT-Shutdown" [_thread_blocked, id=28446, stack(0x00007f22d3ced000,0x00007f22d3dee000)]
  0x00007f2328246000 JavaThread "AWT-XAWT" daemon [_thread_blocked, id=28445, stack(0x00007f22db371000,0x00007f22db472000)]
  0x00007f232822a800 JavaThread "Java2D Disposer" daemon [_thread_blocked, id=28444, stack(0x00007f22db882000,0x00007f22db983000)]
  0x00007f23280ca000 JavaThread "Service Thread" daemon [_thread_blocked, id=28442, stack(0x00007f2305636000,0x00007f2305737000)]
  0x00007f23280bf000 JavaThread "C1 CompilerThread2" daemon [_thread_blocked, id=28441, stack(0x00007f2305737000,0x00007f2305838000)]
  0x00007f23280bd000 JavaThread "C2 CompilerThread1" daemon [_thread_blocked, id=28440, stack(0x00007f2305838000,0x00007f2305939000)]
  0x00007f23280ba000 JavaThread "C2 CompilerThread0" daemon [_thread_blocked, id=28439, stack(0x00007f2305939000,0x00007f2305a3a000)]
  0x00007f23280b8800 JavaThread "Signal Dispatcher" daemon [_thread_blocked, id=28438, stack(0x00007f2305a3a000,0x00007f2305b3b000)]
  0x00007f2328085000 JavaThread "Finalizer" daemon [_thread_blocked, id=28437, stack(0x00007f2306f8d000,0x00007f230708e000)]
  0x00007f2328082000 JavaThread "Reference Handler" daemon [_thread_blocked, id=28436, stack(0x00007f230708e000,0x00007f230718f000)]

Other Threads:
=>0x00007f2328078800 VMThread [stack: 0x00007f230718f000,0x00007f2307290000] [id=28435]
  0x00007f23280cf000 WatcherThread [stack: 0x00007f2305535000,0x00007f2305636000] [id=28443]

VM state:at safepoint (normal execution)

VM Mutex/Monitor currently owned by a thread:  ([mutex/lock_event])
[0x00007f2328006790] ExpandHeap_lock - owner thread: 0x00007f2328078800
[0x00007f2328006e10] Threads_lock - owner thread: 0x00007f2328078800
[0x00007f2328007310] Heap_lock - owner thread: 0x00007f23282dc800

Heap:
 PSYoungGen      total 269312K, used 0K [0x00000000e1700000, 0x00000000fd580000, 0x0000000100000000)
  eden space 102400K, 0% used [0x00000000e1700000,0x00000000e1700000,0x00000000e7b00000)
  from space 166912K, 0% used [0x00000000e7b00000,0x00000000e7b00000,0x00000000f1e00000)
  to   space 166912K, 0% used [0x00000000f3280000,0x00000000f3280000,0x00000000fd580000)
 ParOldGen       total 865792K, used 851738K [0x00000000a4400000, 0x00000000d9180000, 0x00000000e1700000)
  object space 865792K, 98% used [0x00000000a4400000,0x00000000d83c6a58,0x00000000d9180000)
 Metaspace       used 12819K, capacity 12994K, committed 13184K, reserved 1060864K
  class space    used 1574K, capacity 1643K, committed 1664K, reserved 1048576K

Card table byte_map: [0x00007f2318327000,0x00007f2318606000] byte_map_base: 0x00007f2317e05000

Marking Bits: (ParMarkBitMap*) 0x00007f232dd8cd40
 Begin Bits: [0x00007f2314f59000, 0x00007f2316649000)
 End Bits:   [0x00007f2316649000, 0x00007f2317d39000)

Polling page: 0x00007f232e9d0000

CodeCache: size=245760Kb used=2999Kb max_used=2999Kb free=242760Kb
 bounds [0x00007f23189c6000, 0x00007f2318cb6000, 0x00007f23279c6000]
 total_blobs=1291 nmethods=732 adapters=473
 compilation: enabled

Compilation events (10 events):
Event: 12,284 Thread 0x00007f23280ba000 nmethod 732 0x00007f2318c71f10 code [0x00007f2318c72060, 0x00007f2318c720d8]
Event: 12,284 Thread 0x00007f23280bf000 nmethod 729 0x00007f2318caead0 code [0x00007f2318caede0, 0x00007f2318cb0208]
Event: 12,284 Thread 0x00007f23280bf000  727       3       java.awt.event.MouseEvent::<init> (250 bytes)
Event: 12,286 Thread 0x00007f23280bf000 nmethod 727 0x00007f2318cb0790 code [0x00007f2318cb0ba0, 0x00007f2318cb3298]
Event: 12,286 Thread 0x00007f23280bf000  728       3       java.awt.event.InputEvent::<init> (26 bytes)
Event: 12,286 Thread 0x00007f23280bf000 nmethod 728 0x00007f2318cae5d0 code [0x00007f2318cae760, 0x00007f2318cae9b8]
Event: 12,286 Thread 0x00007f23280bf000  730       3       sun.awt.X11.XEvent::get_xmotion (22 bytes)
Event: 12,286 Thread 0x00007f23280bf000 nmethod 730 0x00007f2318cadb10 code [0x00007f2318cadcc0, 0x00007f2318cae278]
Event: 12,286 Thread 0x00007f23280bf000  731       3       sun.awt.X11.XMotionEvent::<init> (30 bytes)
Event: 12,286 Thread 0x00007f23280bf000 nmethod 731 0x00007f2318cb47d0 code [0x00007f2318cb4960, 0x00007f2318cb4d08]

GC Heap History (10 events):
Event: 9,954 GC heap after
Heap after GC invocations=23 (full 5):
 PSYoungGen      total 261632K, used 54336K [0x00000000e1700000, 0x00000000fb880000, 0x0000000100000000)
  eden space 95744K, 0% used [0x00000000e1700000,0x00000000e1700000,0x00000000e7480000)
  from space 165888K, 32% used [0x00000000f1680000,0x00000000f4b90000,0x00000000fb880000)
  to   space 165888K, 0% used [0x00000000e7480000,0x00000000e7480000,0x00000000f1680000)
 ParOldGen       total 622080K, used 621251K [0x00000000a4400000, 0x00000000ca380000, 0x00000000e1700000)
  object space 622080K, 99% used [0x00000000a4400000,0x00000000ca2b0e10,0x00000000ca380000)
 Metaspace       used 12809K, capacity 12994K, committed 13184K, reserved 1060864K
  class space    used 1574K, capacity 1643K, committed 1664K, reserved 1048576K
}
Event: 9,954 GC heap before
{Heap before GC invocations=24 (full 6):
 PSYoungGen      total 261632K, used 54336K [0x00000000e1700000, 0x00000000fb880000, 0x0000000100000000)
  eden space 95744K, 0% used [0x00000000e1700000,0x00000000e1700000,0x00000000e7480000)
  from space 165888K, 32% used [0x00000000f1680000,0x00000000f4b90000,0x00000000fb880000)
  to   space 165888K, 0% used [0x00000000e7480000,0x00000000e7480000,0x00000000f1680000)
 ParOldGen       total 622080K, used 621251K [0x00000000a4400000, 0x00000000ca380000, 0x00000000e1700000)
  object space 622080K, 99% used [0x00000000a4400000,0x00000000ca2b0e10,0x00000000ca380000)
 Metaspace       used 12809K, capacity 12994K, committed 13184K, reserved 1060864K
  class space    used 1574K, capacity 1643K, committed 1664K, reserved 1048576K
Event: 12,282 GC heap after
Heap after GC invocations=24 (full 6):
 PSYoungGen      total 261632K, used 29648K [0x00000000e1700000, 0x00000000fb880000, 0x0000000100000000)
  eden space 95744K, 0% used [0x00000000e1700000,0x00000000e1700000,0x00000000e7480000)
  from space 165888K, 17% used [0x00000000f1680000,0x00000000f33742b0,0x00000000fb880000)
  to   space 165888K, 0% used [0x00000000e7480000,0x00000000e7480000,0x00000000f1680000)
 ParOldGen       total 865792K, used 621738K [0x00000000a4400000, 0x00000000d9180000, 0x00000000e1700000)
  object space 865792K, 71% used [0x00000000a4400000,0x00000000ca32abf0,0x00000000d9180000)
 Metaspace       used 12809K, capacity 12994K, committed 13184K, reserved 1060864K
  class space    used 1574K, capacity 1643K, committed 1664K, reserved 1048576K
}
Event: 12,443 GC heap before
{Heap before GC invocations=25 (full 6):
 PSYoungGen      total 261632K, used 125392K [0x00000000e1700000, 0x00000000fb880000, 0x0000000100000000)
  eden space 95744K, 100% used [0x00000000e1700000,0x00000000e7480000,0x00000000e7480000)
  from space 165888K, 17% used [0x00000000f1680000,0x00000000f33742b0,0x00000000fb880000)
  to   space 165888K, 0% used [0x00000000e7480000,0x00000000e7480000,0x00000000f1680000)
 ParOldGen       total 865792K, used 621738K [0x00000000a4400000, 0x00000000d9180000, 0x00000000e1700000)
  object space 865792K, 71% used [0x00000000a4400000,0x00000000ca32abf0,0x00000000d9180000)
 Metaspace       used 12819K, capacity 12994K, committed 13184K, reserved 1060864K
  class space    used 1574K, capacity 1643K, committed 1664K, reserved 1048576K
Event: 12,828 GC heap after
Heap after GC invocations=25 (full 6):
 PSYoungGen      total 261632K, used 68704K [0x00000000e1700000, 0x00000000fb800000, 0x0000000100000000)
  eden space 95744K, 0% used [0x00000000e1700000,0x00000000e1700000,0x00000000e7480000)
  from space 165888K, 41% used [0x00000000e7480000,0x00000000eb798000,0x00000000f1680000)
  to   space 157696K, 0% used [0x00000000f1e00000,0x00000000f1e00000,0x00000000fb800000)
 ParOldGen       total 865792K, used 651522K [0x00000000a4400000, 0x00000000d9180000, 0x00000000e1700000)
  object space 865792K, 75% used [0x00000000a4400000,0x00000000cc040bf0,0x00000000d9180000)
 Metaspace       used 12819K, capacity 12994K, committed 13184K, reserved 1060864K
  class space    used 1574K, capacity 1643K, committed 1664K, reserved 1048576K
}
Event: 12,948 GC heap before
{Heap before GC invocations=26 (full 6):
 PSYoungGen      total 261632K, used 164448K [0x00000000e1700000, 0x00000000fb800000, 0x0000000100000000)
  eden space 95744K, 100% used [0x00000000e1700000,0x00000000e7480000,0x00000000e7480000)
  from space 165888K, 41% used [0x00000000e7480000,0x00000000eb798000,0x00000000f1680000)
  to   space 157696K, 0% used [0x00000000f1e00000,0x00000000f1e00000,0x00000000fb800000)
 ParOldGen       total 865792K, used 651522K [0x00000000a4400000, 0x00000000d9180000, 0x00000000e1700000)
  object space 865792K, 75% used [0x00000000a4400000,0x00000000cc040bf0,0x00000000d9180000)
 Metaspace       used 12819K, capacity 12994K, committed 13184K, reserved 1060864K
  class space    used 1574K, capacity 1643K, committed 1664K, reserved 1048576K
Event: 13,165 GC heap after
Heap after GC invocations=26 (full 6):
 PSYoungGen      total 260096K, used 148015K [0x00000000e1700000, 0x00000000fcc00000, 0x0000000100000000)
  eden space 102400K, 0% used [0x00000000e1700000,0x00000000e1700000,0x00000000e7b00000)
  from space 157696K, 93% used [0x00000000f1e00000,0x00000000fae8bde0,0x00000000fb800000)
  to   space 166912K, 0% used [0x00000000e7b00000,0x00000000e7b00000,0x00000000f1e00000)
 ParOldGen       total 865792K, used 651530K [0x00000000a4400000, 0x00000000d9180000, 0x00000000e1700000)
  object space 865792K, 75% used [0x00000000a4400000,0x00000000cc042bf0,0x00000000d9180000)
 Metaspace       used 12819K, capacity 12994K, committed 13184K, reserved 1060864K
  class space    used 1574K, capacity 1643K, committed 1664K, reserved 1048576K
}
Event: 13,335 GC heap before
{Heap before GC invocations=27 (full 6):
 PSYoungGen      total 260096K, used 250415K [0x00000000e1700000, 0x00000000fcc00000, 0x0000000100000000)
  eden space 102400K, 100% used [0x00000000e1700000,0x00000000e7b00000,0x00000000e7b00000)
  from space 157696K, 93% used [0x00000000f1e00000,0x00000000fae8bde0,0x00000000fb800000)
  to   space 166912K, 0% used [0x00000000e7b00000,0x00000000e7b00000,0x00000000f1e00000)
 ParOldGen       total 865792K, used 651530K [0x00000000a4400000, 0x00000000d9180000, 0x00000000e1700000)
  object space 865792K, 75% used [0x00000000a4400000,0x00000000cc042bf0,0x00000000d9180000)
 Metaspace       used 12819K, capacity 12994K, committed 13184K, reserved 1060864K
  class space    used 1574K, capacity 1643K, committed 1664K, reserved 1048576K
Event: 13,690 GC heap after
Heap after GC invocations=27 (full 6):
 PSYoungGen      total 269312K, used 75168K [0x00000000e1700000, 0x00000000fd580000, 0x0000000100000000)
  eden space 102400K, 0% used [0x00000000e1700000,0x00000000e1700000,0x00000000e7b00000)
  from space 166912K, 45% used [0x00000000e7b00000,0x00000000ec468000,0x00000000f1e00000)
  to   space 166912K, 0% used [0x00000000f3280000,0x00000000f3280000,0x00000000fd580000)
 ParOldGen       total 865792K, used 800002K [0x00000000a4400000, 0x00000000d9180000, 0x00000000e1700000)
  object space 865792K, 92% used [0x00000000a4400000,0x00000000d51409d0,0x00000000d9180000)
 Metaspace       used 12819K, capacity 12994K, committed 13184K, reserved 1060864K
  class space    used 1574K, capacity 1643K, committed 1664K, reserved 1048576K
}
Event: 13,690 GC heap before
{Heap before GC invocations=28 (full 7):
 PSYoungGen      total 269312K, used 75168K [0x00000000e1700000, 0x00000000fd580000, 0x0000000100000000)
  eden space 102400K, 0% used [0x00000000e1700000,0x00000000e1700000,0x00000000e7b00000)
  from space 166912K, 45% used [0x00000000e7b00000,0x00000000ec468000,0x00000000f1e00000)
  to   space 166912K, 0% used [0x00000000f3280000,0x00000000f3280000,0x00000000fd580000)
 ParOldGen       total 865792K, used 800002K [0x00000000a4400000, 0x00000000d9180000, 0x00000000e1700000)
  object space 865792K, 92% used [0x00000000a4400000,0x00000000d51409d0,0x00000000d9180000)
 Metaspace       used 12819K, capacity 12994K, committed 13184K, reserved 1060864K
  class space    used 1574K, capacity 1643K, committed 1664K, reserved 1048576K

Deoptimization events (8 events):
Event: 0,360 Thread 0x00007f23282dc800 Uncommon trap: reason=unstable_if action=reinterpret pc=0x00007f2318b8e0fc method=java.lang.AbstractStringBuilder.append(Ljava/lang/String;)Ljava/lang/AbstractStringBuilder; @ 1
Event: 0,360 Thread 0x00007f23282dc800 Uncommon trap: reason=unstable_if action=reinterpret pc=0x00007f2318b74c88 method=java.lang.AbstractStringBuilder.append(Ljava/lang/String;)Ljava/lang/AbstractStringBuilder; @ 1
Event: 0,372 Thread 0x00007f23282dc800 Uncommon trap: reason=class_check action=maybe_recompile pc=0x00007f2318b9a5a0 method=java.util.HashMap.putVal(ILjava/lang/Object;Ljava/lang/Object;ZZ)Ljava/lang/Object; @ 253
Event: 0,372 Thread 0x00007f23282dc800 Uncommon trap: reason=class_check action=maybe_recompile pc=0x00007f2318b9a5a0 method=java.util.HashMap.putVal(ILjava/lang/Object;Ljava/lang/Object;ZZ)Ljava/lang/Object; @ 253
Event: 0,373 Thread 0x00007f23282dc800 Uncommon trap: reason=class_check action=maybe_recompile pc=0x00007f2318b9a5a0 method=java.util.HashMap.putVal(ILjava/lang/Object;Ljava/lang/Object;ZZ)Ljava/lang/Object; @ 253
Event: 0,373 Thread 0x00007f23282dc800 Uncommon trap: reason=class_check action=maybe_recompile pc=0x00007f2318b9a5a0 method=java.util.HashMap.putVal(ILjava/lang/Object;Ljava/lang/Object;ZZ)Ljava/lang/Object; @ 253
Event: 0,374 Thread 0x00007f23282dc800 Uncommon trap: reason=unstable_if action=reinterpret pc=0x00007f2318b719a8 method=java.lang.String.<init>([CII)V @ 18
Event: 0,563 Thread 0x00007f22c0070000 Uncommon trap: reason=unstable_if action=reinterpret pc=0x00007f2318b73580 method=java.util.Properties.loadConvert([CII[C)Ljava/lang/String; @ 57

Classes redefined (0 events):
No events

Internal exceptions (10 events):
Event: 0,322 Thread 0x00007f232800a800 Exception <a 'java/lang/ClassNotFoundException': javax/swing/JToolBarSeparator> (0x00000000e1bdc5e0) thrown at [/HUDSON/workspace/8-2-build-linux-amd64/jdk8u191/11894/hotspot/src/share/vm/classfile/systemDictionary.cpp, line 210]
Event: 0,322 Thread 0x00007f232800a800 Exception <a 'java/lang/ClassNotFoundException': ToolBarSeparator> (0x00000000e1bdca78) thrown at [/HUDSON/workspace/8-2-build-linux-amd64/jdk8u191/11894/hotspot/src/share/vm/classfile/systemDictionary.cpp, line 210]
Event: 0,322 Thread 0x00007f232800a800 Exception <a 'java/lang/ClassNotFoundException': ToolTip> (0x00000000e1bdd1b8) thrown at [/HUDSON/workspace/8-2-build-linux-amd64/jdk8u191/11894/hotspot/src/share/vm/classfile/systemDictionary.cpp, line 210]
Event: 0,323 Thread 0x00007f232800a800 Exception <a 'java/lang/ClassNotFoundException': Tree> (0x00000000e1bdddd8) thrown at [/HUDSON/workspace/8-2-build-linux-amd64/jdk8u191/11894/hotspot/src/share/vm/classfile/systemDictionary.cpp, line 210]
Event: 0,324 Thread 0x00007f232800a800 Exception <a 'java/lang/ClassNotFoundException': Tree> (0x00000000e1bde518) thrown at [/HUDSON/workspace/8-2-build-linux-amd64/jdk8u191/11894/hotspot/src/share/vm/classfile/systemDictionary.cpp, line 210]
Event: 0,324 Thread 0x00007f232800a800 Exception <a 'java/lang/ClassNotFoundException': javax/swing/JTreeCell> (0x00000000e1bde898) thrown at [/HUDSON/workspace/8-2-build-linux-amd64/jdk8u191/11894/hotspot/src/share/vm/classfile/systemDictionary.cpp, line 210]
Event: 0,324 Thread 0x00007f232800a800 Exception <a 'java/lang/ClassNotFoundException': TreeCell> (0x00000000e1bded20) thrown at [/HUDSON/workspace/8-2-build-linux-amd64/jdk8u191/11894/hotspot/src/share/vm/classfile/systemDictionary.cpp, line 210]
Event: 0,324 Thread 0x00007f232800a800 Exception <a 'java/lang/ClassNotFoundException': RootPane> (0x00000000e1bdf780) thrown at [/HUDSON/workspace/8-2-build-linux-amd64/jdk8u191/11894/hotspot/src/share/vm/classfile/systemDictionary.cpp, line 210]
Event: 0,360 Thread 0x00007f23282dc800 Implicit null exception at 0x00007f2318b8dd35 to 0x00007f2318b8e0e9
Event: 0,360 Thread 0x00007f23282dc800 Implicit null exception at 0x00007f2318b748b6 to 0x00007f2318b74c71

Events (10 events):
Event: 9,269 Executing VM operation: ParallelGCFailedAllocation done
Event: 9,433 Executing VM operation: ParallelGCFailedAllocation
Event: 9,618 Executing VM operation: ParallelGCFailedAllocation done
Event: 9,752 Executing VM operation: ParallelGCFailedAllocation
Event: 12,282 Executing VM operation: ParallelGCFailedAllocation done
Event: 12,443 Executing VM operation: ParallelGCFailedAllocation
Event: 12,828 Executing VM operation: ParallelGCFailedAllocation done
Event: 12,948 Executing VM operation: ParallelGCFailedAllocation
Event: 13,165 Executing VM operation: ParallelGCFailedAllocation done
Event: 13,335 Executing VM operation: ParallelGCFailedAllocation


Dynamic libraries:
00400000-00401000 r-xp 00000000 08:04 5516892                            /usr/lib/jvm/java-8-oracle/bin/java
00600000-00601000 r--p 00000000 08:04 5516892                            /usr/lib/jvm/java-8-oracle/bin/java
00601000-00602000 rw-p 00001000 08:04 5516892                            /usr/lib/jvm/java-8-oracle/bin/java
01306000-01327000 rw-p 00000000 00:00 0                                  [heap]
a4400000-d9180000 rw-p 00000000 00:00 0 
e1700000-fd580000 rw-p 00000000 00:00 0 
fd580000-100000000 ---p 00000000 00:00 0 
100000000-1001a0000 rw-p 00000000 00:00 0 
1001a0000-140000000 ---p 00000000 00:00 0 
7f2298000000-7f2298021000 rw-p 00000000 00:00 0 
7f2298021000-7f229c000000 ---p 00000000 00:00 0 
7f22a0000000-7f22a004a000 rw-p 00000000 00:00 0 
7f22a004a000-7f22a4000000 ---p 00000000 00:00 0 
7f22a7fff000-7f22ac000000 rw-s 00000000 00:15 5                          /dev/shm/pulse-shm-236889376
7f22ac000000-7f22ac021000 rw-p 00000000 00:00 0 
7f22ac021000-7f22b0000000 ---p 00000000 00:00 0 
7f22b0000000-7f22b0021000 rw-p 00000000 00:00 0 
7f22b0021000-7f22b4000000 ---p 00000000 00:00 0 
7f22b4000000-7f22b4021000 rw-p 00000000 00:00 0 
7f22b4021000-7f22b8000000 ---p 00000000 00:00 0 
7f22bbfff000-7f22c0000000 rw-s 00000000 00:15 18                         /dev/shm/pulse-shm-2425839923
7f22c0000000-7f22c0311000 rw-p 00000000 00:00 0 
7f22c0311000-7f22c4000000 ---p 00000000 00:00 0 
7f22c758c000-7f22c75f8000 r-xp 00000000 08:04 6950175                    /usr/lib/jvm/java-8-oracle/jre/lib/amd64/libt2k.so
7f22c75f8000-7f22c77f8000 ---p 0006c000 08:04 6950175                    /usr/lib/jvm/java-8-oracle/jre/lib/amd64/libt2k.so
7f22c77f8000-7f22c77fe000 r--p 0006c000 08:04 6950175                    /usr/lib/jvm/java-8-oracle/jre/lib/amd64/libt2k.so
7f22c77fe000-7f22c77ff000 rw-p 00072000 08:04 6950175                    /usr/lib/jvm/java-8-oracle/jre/lib/amd64/libt2k.so
7f22c77ff000-7f22c7800000 ---p 00000000 00:00 0 
7f22c7800000-7f22c8000000 rw-p 00000000 00:00 0 
7f22c8000000-7f22c8021000 rw-p 00000000 00:00 0 
7f22c8021000-7f22cc000000 ---p 00000000 00:00 0 
7f22cc000000-7f22cc025000 rw-p 00000000 00:00 0 
7f22cc025000-7f22d0000000 ---p 00000000 00:00 0 
7f22d0139000-7f22d017a000 r-xp 00000000 08:04 6950157                    /usr/lib/jvm/java-8-oracle/jre/lib/amd64/libjpeg.so
7f22d017a000-7f22d0379000 ---p 00041000 08:04 6950157                    /usr/lib/jvm/java-8-oracle/jre/lib/amd64/libjpeg.so
7f22d0379000-7f22d037a000 r--p 00040000 08:04 6950157                    /usr/lib/jvm/java-8-oracle/jre/lib/amd64/libjpeg.so
7f22d037a000-7f22d037b000 rw-p 00041000 08:04 6950157                    /usr/lib/jvm/java-8-oracle/jre/lib/amd64/libjpeg.so
7f22d037b000-7f22d037e000 ---p 00000000 00:00 0 
7f22d037e000-7f22d05bc000 rw-p 00000000 00:00 0 
7f22d05bc000-7f22d067f000 ---p 00000000 00:00 0 
7f22d067f000-7f22d077d000 rw-p 00000000 00:00 0 
7f22d077d000-7f22d0783000 r-xp 00000000 08:04 5637896                    /usr/lib/x86_64-linux-gnu/alsa-lib/libasound_module_pcm_pulse.so
7f22d0783000-7f22d0982000 ---p 00006000 08:04 5637896                    /usr/lib/x86_64-linux-gnu/alsa-lib/libasound_module_pcm_pulse.so
7f22d0982000-7f22d0983000 r--p 00005000 08:04 5637896                    /usr/lib/x86_64-linux-gnu/alsa-lib/libasound_module_pcm_pulse.so
7f22d0983000-7f22d0984000 rw-p 00006000 08:04 5637896                    /usr/lib/x86_64-linux-gnu/alsa-lib/libasound_module_pcm_pulse.so
7f22d0984000-7f22d09ae000 r-xp 00000000 08:04 5510212                    /usr/lib/x86_64-linux-gnu/libvorbis.so.0.4.8
7f22d09ae000-7f22d0bad000 ---p 0002a000 08:04 5510212                    /usr/lib/x86_64-linux-gnu/libvorbis.so.0.4.8
7f22d0bad000-7f22d0bae000 r--p 00029000 08:04 5510212                    /usr/lib/x86_64-linux-gnu/libvorbis.so.0.4.8
7f22d0bae000-7f22d0baf000 rw-p 0002a000 08:04 5510212                    /usr/lib/x86_64-linux-gnu/libvorbis.so.0.4.8
7f22d0baf000-7f22d0bb6000 r-xp 00000000 08:04 5513835                    /usr/lib/x86_64-linux-gnu/libogg.so.0.8.2
7f22d0bb6000-7f22d0db6000 ---p 00007000 08:04 5513835                    /usr/lib/x86_64-linux-gnu/libogg.so.0.8.2
7f22d0db6000-7f22d0db7000 r--p 00007000 08:04 5513835                    /usr/lib/x86_64-linux-gnu/libogg.so.0.8.2
7f22d0db7000-7f22d0db8000 rw-p 00008000 08:04 5513835                    /usr/lib/x86_64-linux-gnu/libogg.so.0.8.2
7f22d0db8000-7f22d0dca000 r-xp 00000000 08:04 5771701                    /lib/x86_64-linux-gnu/libgpg-error.so.0.17.0
7f22d0dca000-7f22d0fca000 ---p 00012000 08:04 5771701                    /lib/x86_64-linux-gnu/libgpg-error.so.0.17.0
7f22d0fca000-7f22d0fcb000 r--p 00012000 08:04 5771701                    /lib/x86_64-linux-gnu/libgpg-error.so.0.17.0
7f22d0fcb000-7f22d0fcc000 rw-p 00013000 08:04 5771701                    /lib/x86_64-linux-gnu/libgpg-error.so.0.17.0
7f22d0fcc000-7f22d103a000 r-xp 00000000 08:04 5771786                    /lib/x86_64-linux-gnu/libpcre.so.3.13.2
7f22d103a000-7f22d123a000 ---p 0006e000 08:04 5771786                    /lib/x86_64-linux-gnu/libpcre.so.3.13.2
7f22d123a000-7f22d123b000 r--p 0006e000 08:04 5771786                    /lib/x86_64-linux-gnu/libpcre.so.3.13.2
7f22d123b000-7f22d123c000 rw-p 0006f000 08:04 5771786                    /lib/x86_64-linux-gnu/libpcre.so.3.13.2
7f22d123c000-7f22d1253000 r-xp 00000000 08:04 5767410                    /lib/x86_64-linux-gnu/libresolv-2.23.so
7f22d1253000-7f22d1453000 ---p 00017000 08:04 5767410                    /lib/x86_64-linux-gnu/libresolv-2.23.so
7f22d1453000-7f22d1454000 r--p 00017000 08:04 5767410                    /lib/x86_64-linux-gnu/libresolv-2.23.so
7f22d1454000-7f22d1455000 rw-p 00018000 08:04 5767410                    /lib/x86_64-linux-gnu/libresolv-2.23.so
7f22d1455000-7f22d1457000 rw-p 00000000 00:00 0 
7f22d1457000-7f22d14e4000 r-xp 00000000 08:04 5510210                    /usr/lib/x86_64-linux-gnu/libvorbisenc.so.2.0.11
7f22d14e4000-7f22d16e3000 ---p 0008d000 08:04 5510210                    /usr/lib/x86_64-linux-gnu/libvorbisenc.so.2.0.11
7f22d16e3000-7f22d16ff000 r--p 0008c000 08:04 5510210                    /usr/lib/x86_64-linux-gnu/libvorbisenc.so.2.0.11
7f22d16ff000-7f22d1700000 rw-p 000a8000 08:04 5510210                    /usr/lib/x86_64-linux-gnu/libvorbisenc.so.2.0.11
7f22d1700000-7f22d1773000 r-xp 00000000 08:04 5512931                    /usr/lib/x86_64-linux-gnu/libFLAC.so.8.3.0
7f22d1773000-7f22d1973000 ---p 00073000 08:04 5512931                    /usr/lib/x86_64-linux-gnu/libFLAC.so.8.3.0
7f22d1973000-7f22d1974000 r--p 00073000 08:04 5512931                    /usr/lib/x86_64-linux-gnu/libFLAC.so.8.3.0
7f22d1974000-7f22d1975000 rw-p 00074000 08:04 5512931                    /usr/lib/x86_64-linux-gnu/libFLAC.so.8.3.0
7f22d1975000-7f22d1a4c000 r-xp 00000000 08:04 5767470                    /lib/x86_64-linux-gnu/libgcrypt.so.20.0.5
7f22d1a4c000-7f22d1c4c000 ---p 000d7000 08:04 5767470                    /lib/x86_64-linux-gnu/libgcrypt.so.20.0.5
7f22d1c4c000-7f22d1c4d000 r--p 000d7000 08:04 5767470                    /lib/x86_64-linux-gnu/libgcrypt.so.20.0.5
7f22d1c4d000-7f22d1c55000 rw-p 000d8000 08:04 5767470                    /lib/x86_64-linux-gnu/libgcrypt.so.20.0.5
7f22d1c55000-7f22d1c56000 rw-p 00000000 00:00 0 
7f22d1c56000-7f22d1c77000 r-xp 00000000 08:04 5771724                    /lib/x86_64-linux-gnu/liblzma.so.5.0.0
7f22d1c77000-7f22d1e76000 ---p 00021000 08:04 5771724                    /lib/x86_64-linux-gnu/liblzma.so.5.0.0
7f22d1e76000-7f22d1e77000 r--p 00020000 08:04 5771724                    /lib/x86_64-linux-gnu/liblzma.so.5.0.0
7f22d1e77000-7f22d1e78000 rw-p 00021000 08:04 5771724                    /lib/x86_64-linux-gnu/liblzma.so.5.0.0
7f22d1e78000-7f22d1e97000 r-xp 00000000 08:04 5771815                    /lib/x86_64-linux-gnu/libselinux.so.1
7f22d1e97000-7f22d2096000 ---p 0001f000 08:04 5771815                    /lib/x86_64-linux-gnu/libselinux.so.1
7f22d2096000-7f22d2097000 r--p 0001e000 08:04 5771815                    /lib/x86_64-linux-gnu/libselinux.so.1
7f22d2097000-7f22d2098000 rw-p 0001f000 08:04 5771815                    /lib/x86_64-linux-gnu/libselinux.so.1
7f22d2098000-7f22d209a000 rw-p 00000000 00:00 0 
7f22d209a000-7f22d209f000 r-xp 00000000 08:04 5513089                    /usr/lib/x86_64-linux-gnu/libasyncns.so.0.3.1
7f22d209f000-7f22d229e000 ---p 00005000 08:04 5513089                    /usr/lib/x86_64-linux-gnu/libasyncns.so.0.3.1
7f22d229e000-7f22d229f000 r--p 00004000 08:04 5513089                    /usr/lib/x86_64-linux-gnu/libasyncns.so.0.3.1
7f22d229f000-7f22d22a0000 rw-p 00005000 08:04 5513089                    /usr/lib/x86_64-linux-gnu/libasyncns.so.0.3.1
7f22d22a0000-7f22d2302000 r-xp 00000000 08:04 5505510                    /usr/lib/x86_64-linux-gnu/libsndfile.so.1.0.25
7f22d2302000-7f22d2502000 ---p 00062000 08:04 5505510                    /usr/lib/x86_64-linux-gnu/libsndfile.so.1.0.25
7f22d2502000-7f22d2504000 r--p 00062000 08:04 5505510                    /usr/lib/x86_64-linux-gnu/libsndfile.so.1.0.25
7f22d2504000-7f22d2505000 rw-p 00064000 08:04 5505510                    /usr/lib/x86_64-linux-gnu/libsndfile.so.1.0.25
7f22d2505000-7f22d2509000 rw-p 00000000 00:00 0 
7f22d2509000-7f22d2511000 r-xp 00000000 08:04 5771843                    /lib/x86_64-linux-gnu/libwrap.so.0.7.6
7f22d2511000-7f22d2710000 ---p 00008000 08:04 5771843                    /lib/x86_64-linux-gnu/libwrap.so.0.7.6
7f22d2710000-7f22d2711000 r--p 00007000 08:04 5771843                    /lib/x86_64-linux-gnu/libwrap.so.0.7.6
7f22d2711000-7f22d2712000 rw-p 00008000 08:04 5771843                    /lib/x86_64-linux-gnu/libwrap.so.0.7.6
7f22d2712000-7f22d2713000 rw-p 00000000 00:00 0 
7f22d2713000-7f22d2793000 r-xp 00000000 08:04 5767351                    /lib/x86_64-linux-gnu/libsystemd.so.0.14.0
7f22d2793000-7f22d2796000 r--p 0007f000 08:04 5767351                    /lib/x86_64-linux-gnu/libsystemd.so.0.14.0
7f22d2796000-7f22d2797000 rw-p 00082000 08:04 5767351                    /lib/x86_64-linux-gnu/libsystemd.so.0.14.0
7f22d2797000-7f22d2798000 rw-p 00000000 00:00 0 
7f22d2798000-7f22d27e2000 r-xp 00000000 08:04 5771632                    /lib/x86_64-linux-gnu/libdbus-1.so.3.14.6
7f22d27e2000-7f22d29e2000 ---p 0004a000 08:04 5771632                    /lib/x86_64-linux-gnu/libdbus-1.so.3.14.6
7f22d29e2000-7f22d29e3000 r--p 0004a000 08:04 5771632                    /lib/x86_64-linux-gnu/libdbus-1.so.3.14.6
7f22d29e3000-7f22d29e4000 rw-p 0004b000 08:04 5771632                    /lib/x86_64-linux-gnu/libdbus-1.so.3.14.6
7f22d29e4000-7f22d2a5e000 r-xp 00000000 08:04 5636902                    /usr/lib/x86_64-linux-gnu/pulseaudio/libpulsecommon-8.0.so
7f22d2a5e000-7f22d2c5d000 ---p 0007a000 08:04 5636902                    /usr/lib/x86_64-linux-gnu/pulseaudio/libpulsecommon-8.0.so
7f22d2c5d000-7f22d2c5e000 r--p 00079000 08:04 5636902                    /usr/lib/x86_64-linux-gnu/pulseaudio/libpulsecommon-8.0.so
7f22d2c5e000-7f22d2c5f000 rw-p 0007a000 08:04 5636902                    /usr/lib/x86_64-linux-gnu/pulseaudio/libpulsecommon-8.0.so
7f22d2c5f000-7f22d2c69000 r-xp 00000000 08:04 5771716                    /lib/x86_64-linux-gnu/libjson-c.so.2.0.0
7f22d2c69000-7f22d2e68000 ---p 0000a000 08:04 5771716                    /lib/x86_64-linux-gnu/libjson-c.so.2.0.0
7f22d2e68000-7f22d2e69000 r--p 00009000 08:04 5771716                    /lib/x86_64-linux-gnu/libjson-c.so.2.0.0
7f22d2e69000-7f22d2e6a000 rw-p 0000a000 08:04 5771716                    /lib/x86_64-linux-gnu/libjson-c.so.2.0.0
7f22d2e6a000-7f22d2eb8000 r-xp 00000000 08:04 5505900                    /usr/lib/x86_64-linux-gnu/libpulse.so.0.19.0
7f22d2eb8000-7f22d30b8000 ---p 0004e000 08:04 5505900                    /usr/lib/x86_64-linux-gnu/libpulse.so.0.19.0
7f22d30b8000-7f22d30b9000 r--p 0004e000 08:04 5505900                    /usr/lib/x86_64-linux-gnu/libpulse.so.0.19.0
7f22d30b9000-7f22d30ba000 rw-p 0004f000 08:04 5505900                    /usr/lib/x86_64-linux-gnu/libpulse.so.0.19.0
7f22d30ba000-7f22d30bd000 ---p 00000000 00:00 0 
7f22d30bd000-7f22d31bb000 rw-p 00000000 00:00 0 
7f22d31bb000-7f22d31be000 ---p 00000000 00:00 0 
7f22d31be000-7f22d32bc000 rw-p 00000000 00:00 0 
7f22d32bc000-7f22d33b5000 r-xp 00000000 08:04 5513077                    /usr/lib/x86_64-linux-gnu/libasound.so.2.0.0
7f22d33b5000-7f22d35b4000 ---p 000f9000 08:04 5513077                    /usr/lib/x86_64-linux-gnu/libasound.so.2.0.0
7f22d35b4000-7f22d35bb000 r--p 000f8000 08:04 5513077                    /usr/lib/x86_64-linux-gnu/libasound.so.2.0.0
7f22d35bb000-7f22d35bc000 rw-p 000ff000 08:04 5513077                    /usr/lib/x86_64-linux-gnu/libasound.so.2.0.0
7f22d35bd000-7f22d35c8000 rw-s 00000000 00:05 34570252                   /SYSV00000000 (deleted)
7f22d35c8000-7f22d35da000 r--p 00000000 08:04 7216905                    /usr/share/locale-langpack/pt/LC_MESSAGES/pulseaudio.mo
7f22d35da000-7f22d35e9000 r-xp 00000000 08:04 6950194                    /usr/lib/jvm/java-8-oracle/jre/lib/amd64/libjsoundalsa.so
7f22d35e9000-7f22d37e8000 ---p 0000f000 08:04 6950194                    /usr/lib/jvm/java-8-oracle/jre/lib/amd64/libjsoundalsa.so
7f22d37e8000-7f22d37e9000 r--p 0000e000 08:04 6950194                    /usr/lib/jvm/java-8-oracle/jre/lib/amd64/libjsoundalsa.so
7f22d37e9000-7f22d37ea000 rw-p 0000f000 08:04 6950194                    /usr/lib/jvm/java-8-oracle/jre/lib/amd64/libjsoundalsa.so
7f22d37ea000-7f22d37eb000 r-xp 00000000 08:04 6950197                    /usr/lib/jvm/java-8-oracle/jre/lib/amd64/libjsound.so
7f22d37eb000-7f22d39ea000 ---p 00001000 08:04 6950197                    /usr/lib/jvm/java-8-oracle/jre/lib/amd64/libjsound.so
7f22d39ea000-7f22d39eb000 r--p 00000000 08:04 6950197                    /usr/lib/jvm/java-8-oracle/jre/lib/amd64/libjsound.so
7f22d39eb000-7f22d39ec000 rw-p 00001000 08:04 6950197                    /usr/lib/jvm/java-8-oracle/jre/lib/amd64/libjsound.so
7f22d39ec000-7f22d3bec000 rw-p 00000000 00:00 0 
7f22d3bec000-7f22d3bef000 ---p 00000000 00:00 0 
7f22d3bef000-7f22d3ced000 rw-p 00000000 00:00 0 
7f22d3ced000-7f22d3cf0000 ---p 00000000 00:00 0 
7f22d3cf0000-7f22d3dee000 rw-p 00000000 00:00 0 
7f22d3dee000-7f22d3dff000 r-xp 00000000 08:04 6950216                    /usr/lib/jvm/java-8-oracle/jre/lib/amd64/libnio.so
7f22d3dff000-7f22d3ffe000 ---p 00011000 08:04 6950216                    /usr/lib/jvm/java-8-oracle/jre/lib/amd64/libnio.so
7f22d3ffe000-7f22d3fff000 r--p 00010000 08:04 6950216                    /usr/lib/jvm/java-8-oracle/jre/lib/amd64/libnio.so
7f22d3fff000-7f22d4000000 rw-p 00011000 08:04 6950216                    /usr/lib/jvm/java-8-oracle/jre/lib/amd64/libnio.so
7f22d4000000-7f22d4021000 rw-p 00000000 00:00 0 
7f22d4021000-7f22d8000000 ---p 00000000 00:00 0 
7f22d8000000-7f22d8013000 r--s 00345000 08:04 6950022                    /usr/lib/jvm/java-8-oracle/jre/lib/resources.jar
7f22d8013000-7f22d801a000 r--s 00000000 08:04 6829715                    /var/cache/fontconfig/4be9850f182b35c1350b6bbf2e42601c-le64.cache-6
7f22d801a000-7f22d801c000 r--s 00000000 08:04 6829873                    /var/cache/fontconfig/30a99c4256905863f7aa12b5e873c27c-le64.cache-6
7f22d801c000-7f22d801d000 r--s 00000000 08:04 6829866                    /var/cache/fontconfig/087e1975ba9a574b140bb1df193bf770-le64.cache-6
7f22d801d000-7f22d8021000 r--s 00000000 08:04 6829857                    /var/cache/fontconfig/6aa41aa22e18b8fa06a12da28ea9c28b-le64.cache-6
7f22d8021000-7f22d802c000 r--s 00000000 08:04 6831894                    /var/cache/fontconfig/945677eb7aeaf62f1d50efc3fb3ec7d8-le64.cache-6
7f22d802c000-7f22d8035000 r--s 00000000 08:04 6831898                    /var/cache/fontconfig/a6d8cf8e4ec09cdbc8633c31745a07dd-le64.cache-6
7f22d8035000-7f22d803b000 r--s 00000000 08:04 6831873                    /var/cache/fontconfig/2cd17615ca594fa2959ae173292e504c-le64.cache-6
7f22d803b000-7f22d803c000 r--s 00000000 08:04 6831869                    /var/cache/fontconfig/0d8c3b2ac0904cb8a57a757ad11a4a08-le64.cache-6
7f22d803c000-7f22d8051000 r--s 00000000 08:04 6831861                    /var/cache/fontconfig/04aabc0a78ac019cf9454389977116d2-le64.cache-6
7f22d8051000-7f22d8052000 r--s 00000000 08:04 6831871                    /var/cache/fontconfig/1ac9eb803944fde146138c791f5cc56a-le64.cache-6
7f22d8052000-7f22d8053000 r--s 00000000 08:04 6829856                    /var/cache/fontconfig/b95bc8ffbebda2bbdae4265e45b8178d-le64.cache-6
7f22d8053000-7f22d8058000 r--s 00000000 08:04 6831916                    /var/cache/fontconfig/eb48934c523a49add3824bfad8846c40-le64.cache-6
7f22d8058000-7f22d805d000 r--s 00000000 08:04 6831877                    /var/cache/fontconfig/385c0604a188198f04d133e54aba7fe7-le64.cache-6
7f22d805d000-7f22d805e000 r--s 00000000 08:04 6829855                    /var/cache/fontconfig/9c956a7723ca69a44b382d9179c9802f-le64.cache-6
7f22d805e000-7f22d805f000 r--s 00000000 08:04 6831911                    /var/cache/fontconfig/dc05db6664285cc2f12bf69c139ae4c3-le64.cache-6
7f22d805f000-7f22d8063000 r--s 00000000 08:04 6829780                    /var/cache/fontconfig/f0b0891f3a988e97b2aa7c076a1430f3-le64.cache-6
7f22d8063000-7f22d8065000 r--s 00000000 08:04 6829779                    /var/cache/fontconfig/6adb16404e170b9523f41c0701dd4690-le64.cache-6
7f22d8065000-7f22d8069000 r--s 00000000 08:04 6829778                    /var/cache/fontconfig/7b79abe4499501fcd4e4826394083a53-le64.cache-6
7f22d8069000-7f22d806a000 r--s 00000000 08:04 6829854                    /var/cache/fontconfig/5d1cca7074f29429a8d18692746c2426-le64.cache-6
7f22d806a000-7f22d806d000 r--s 00000000 08:04 6829777                    /var/cache/fontconfig/3a9914ff62a69b32234685a84fdc926d-le64.cache-6
7f22d806d000-7f22d8070000 r--s 00000000 08:04 6831890                    /var/cache/fontconfig/767a8244fc0220cfb567a839d0392e0b-le64.cache-6
7f22d8070000-7f22d8071000 r--s 00000000 08:04 6829776                    /var/cache/fontconfig/0b41ebd278d9388cf5d83f81d476c672-le64.cache-6
7f22d8071000-7f22d8075000 r--s 00000000 08:04 6829775                    /var/cache/fontconfig/ea32c683f96734b73b6a7acf745d6442-le64.cache-6
7f22d8075000-7f22d8076000 r--s 00000000 08:04 6829853                    /var/cache/fontconfig/9eae20f1ff8cc0a7d125749e875856bd-le64.cache-6
7f22d8076000-7f22d80b6000 r--s 00000000 08:04 6831867                    /var/cache/fontconfig/0bd3dc0958fa2205aaaa8ebb13e2872b-le64.cache-6
7f22d80b6000-7f22d80b9000 r--s 00000000 08:04 6829847                    /var/cache/fontconfig/bf2c1853a9e9b00bb02fe2e9bcf1e201-le64.cache-6
7f22d80b9000-7f22d80bf000 r--s 00000000 08:04 6831893                    /var/cache/fontconfig/8801497958630a81b71ace7c5f9b32a8-le64.cache-6
7f22d80bf000-7f22d80c0000 r--s 00000000 08:04 6831904                    /var/cache/fontconfig/bab58bb527bb656aaa9f116d68a48d89-le64.cache-6
7f22d80c0000-7f22d80c1000 r--s 00000000 08:04 6829774                    /var/cache/fontconfig/b036df7bbb72844893df6bcf5570ea7f-le64.cache-6
7f22d80c1000-7f22d80c2000 r--s 00000000 08:04 6829773                    /var/cache/fontconfig/575107dd7452b4b2b2b1361909925bb4-le64.cache-6
7f22d80c2000-7f22d80c9000 r--s 00000000 08:04 6831874                    /var/cache/fontconfig/3047814df9a2f067bd2d96a2b9c36e5a-le64.cache-6
7f22d80c9000-7f22d80d1000 r--s 00000000 08:04 6815951                    /var/cache/fontconfig/bf3b770c553c462765856025a94f1ce6-le64.cache-6
7f22d80d1000-7f22d80d2000 r--s 00000000 08:04 6831882                    /var/cache/fontconfig/56cf4f4769d0f4abc89a4895d7bd3ae1-le64.cache-6
7f22d80d2000-7f22d80d3000 r--s 00000000 08:04 6831903                    /var/cache/fontconfig/b9d506c9ac06c20b433354fa67a72993-le64.cache-6
7f22d80d3000-7f22d80d9000 r--s 00000000 08:04 6831902                    /var/cache/fontconfig/b47c4e1ecd0709278f4910c18777a504-le64.cache-6
7f22d80d9000-7f22d80dc000 r--s 00000000 08:04 6829846                    /var/cache/fontconfig/14d493b97896515cad3840ba4896e372-le64.cache-6
7f22d80dc000-7f22d80dd000 r--s 00000000 08:04 6829772                    /var/cache/fontconfig/0b3f2427388044a01a5738fa4b8cc9d1-le64.cache-6
7f22d80dd000-7f22d80de000 r--s 00000000 08:04 6829771                    /var/cache/fontconfig/0941b6d3777f1e64883d36fd6d84a52f-le64.cache-6
7f22d80de000-7f22d80e1000 r--s 00000000 08:04 6829845                    /var/cache/fontconfig/e49e89034d371f0f9de17aab02136486-le64.cache-6
7f22d80e1000-7f22d80e3000 r--s 00000000 08:04 6829841                    /var/cache/fontconfig/4b14b093aebc79c320de5e86ae1d3314-le64.cache-6
7f22d80e3000-7f22d80e4000 r--s 00000000 08:04 6829840                    /var/cache/fontconfig/8aec10f4cc8391dcef22ca549f1e4354-le64.cache-6
7f22d80e4000-7f22d80f7000 r--s 00000000 08:04 6831908                    /var/cache/fontconfig/d52a8644073d54c13679302ca1180695-le64.cache-6
7f22d80f7000-7f22d80f8000 r--s 00000000 08:04 6831881                    /var/cache/fontconfig/551ecf3b0e8b0bca0f25c0944f561853-le64.cache-6
7f22d80f8000-7f22d80f9000 r--s 00000000 08:04 6829838                    /var/cache/fontconfig/8a687c406b77f27d99abfeeba937fcce-le64.cache-6
7f22d80f9000-7f22d80fe000 r--s 00000000 08:04 6829836                    /var/cache/fontconfig/75ad6aa2358a85f0de2c8ee4837e8227-le64.cache-6
7f22d80fe000-7f22d80ff000 r--s 00000000 08:04 6829835                    /var/cache/fontconfig/ac2cf712d852da827a87a9baf682f5b9-le64.cache-6
7f22d80ff000-7f22d8101000 r--s 00000000 08:04 6829832                    /var/cache/fontconfig/65f976e5259cbe6dc7697b8648396239-le64.cache-6
7f22d8101000-7f22d810c000 r--s 00000000 08:04 6815979                    /var/cache/fontconfig/d589a48862398ed80a3d6066f4f56f4c-le64.cache-6
7f22d810c000-7f22d810e000 r--s 00000000 08:04 6829770                    /var/cache/fontconfig/e8d703157d3641d20c7e900be2e8d091-le64.cache-6
7f22d810e000-7f22d8112000 r--s 00000000 08:04 6829831                    /var/cache/fontconfig/246184dc75a16901ca37d96895904249-le64.cache-6
7f22d8112000-7f22d8117000 r--s 00000000 08:04 6831900                    /var/cache/fontconfig/b25010134a2e462c779c1c1d5ccbff7b-le64.cache-6
7f22d8117000-7f22d8118000 r--s 00000000 08:04 6829830                    /var/cache/fontconfig/94f7fe9bd33aadfac165873bd010d595-le64.cache-6
7f22d8118000-7f22d811a000 r--s 00000000 08:04 6829829                    /var/cache/fontconfig/423767150eb258c59035de29db6fca84-le64.cache-6
7f22d811a000-7f22d811c000 r--s 00000000 08:04 6829768                    /var/cache/fontconfig/6a6dfed4a7d1e4367ef225093de82110-le64.cache-6
7f22d811c000-7f22d811d000 r--s 00000000 08:04 6829828                    /var/cache/fontconfig/845c20fd2c4814bcec78e05d37a63ccc-le64.cache-6
7f22d811d000-7f22d811e000 r--s 00000000 08:04 6829827                    /var/cache/fontconfig/e7de81b01590fb7e12b38e274e17d0db-le64.cache-6
7f22d811e000-7f22d812b000 r--s 00000000 08:04 6834036                    /var/cache/fontconfig/089dead882dea3570ffc31a9898cfb69-le64.cache-6
7f22d812b000-7f22d8139000 r--s 00000000 08:04 6829824                    /var/cache/fontconfig/198d8fcf01c96d0cf813f74fd759bdb7-le64.cache-6
7f22d8139000-7f22d813c000 r--s 00000000 08:04 6829821                    /var/cache/fontconfig/75114ca45c98e8a441da0ff356701271-le64.cache-6
7f22d813c000-7f22d8147000 r--s 00000000 08:04 6829820                    /var/cache/fontconfig/83bf95040141907cd45bb53cf7c1c148-le64.cache-6
7f22d8147000-7f22d8159000 r--s 00000000 08:04 6831896                    /var/cache/fontconfig/9b89f8e3dae116d678bbf48e5f21f69b-le64.cache-6
7f22d8159000-7f22db15a000 rw-p 00000000 00:00 0 
7f22db15a000-7f22db170000 r-xp 00000000 08:04 6950213                    /usr/lib/jvm/java-8-oracle/jre/lib/amd64/libnet.so
7f22db170000-7f22db36f000 ---p 00016000 08:04 6950213                    /usr/lib/jvm/java-8-oracle/jre/lib/amd64/libnet.so
7f22db36f000-7f22db370000 r--p 00015000 08:04 6950213                    /usr/lib/jvm/java-8-oracle/jre/lib/amd64/libnet.so
7f22db370000-7f22db371000 rw-p 00016000 08:04 6950213                    /usr/lib/jvm/java-8-oracle/jre/lib/amd64/libnet.so
7f22db371000-7f22db374000 ---p 00000000 00:00 0 
7f22db374000-7f22db472000 rw-p 00000000 00:00 0 
7f22db472000-7f22db477000 r-xp 00000000 08:04 5513010                    /usr/lib/x86_64-linux-gnu/libXfixes.so.3.1.0
7f22db477000-7f22db676000 ---p 00005000 08:04 5513010                    /usr/lib/x86_64-linux-gnu/libXfixes.so.3.1.0
7f22db676000-7f22db677000 r--p 00004000 08:04 5513010                    /usr/lib/x86_64-linux-gnu/libXfixes.so.3.1.0
7f22db677000-7f22db678000 rw-p 00005000 08:04 5513010                    /usr/lib/x86_64-linux-gnu/libXfixes.so.3.1.0
7f22db678000-7f22db681000 r-xp 00000000 08:04 5509157                    /usr/lib/x86_64-linux-gnu/libXcursor.so.1.0.2
7f22db681000-7f22db880000 ---p 00009000 08:04 5509157                    /usr/lib/x86_64-linux-gnu/libXcursor.so.1.0.2
7f22db880000-7f22db881000 r--p 00008000 08:04 5509157                    /usr/lib/x86_64-linux-gnu/libXcursor.so.1.0.2
7f22db881000-7f22db882000 rw-p 00009000 08:04 5509157                    /usr/lib/x86_64-linux-gnu/libXcursor.so.1.0.2
7f22db882000-7f22db885000 ---p 00000000 00:00 0 
7f22db885000-7f22db983000 rw-p 00000000 00:00 0 
7f22db983000-7f22db999000 r-xp 00000000 08:04 5771695                    /lib/x86_64-linux-gnu/libgcc_s.so.1
7f22db999000-7f22dbb98000 ---p 00016000 08:04 5771695                    /lib/x86_64-linux-gnu/libgcc_s.so.1
7f22dbb98000-7f22dbb99000 rw-p 00015000 08:04 5771695                    /lib/x86_64-linux-gnu/libgcc_s.so.1
7f22dbb99000-7f22dbbf6000 r-xp 00000000 08:04 6950193                    /usr/lib/jvm/java-8-oracle/jre/lib/amd64/libfontmanager.so
7f22dbbf6000-7f22dbdf6000 ---p 0005d000 08:04 6950193                    /usr/lib/jvm/java-8-oracle/jre/lib/amd64/libfontmanager.so
7f22dbdf6000-7f22dbdf9000 r--p 0005d000 08:04 6950193                    /usr/lib/jvm/java-8-oracle/jre/lib/amd64/libfontmanager.so
7f22dbdf9000-7f22dbdfa000 rw-p 00060000 08:04 6950193                    /usr/lib/jvm/java-8-oracle/jre/lib/amd64/libfontmanager.so
7f22dbdfa000-7f22dbdff000 r-xp 00000000 08:04 5513006                    /usr/lib/x86_64-linux-gnu/libXdmcp.so.6.0.0
7f22dbdff000-7f22dbffe000 ---p 00005000 08:04 5513006                    /usr/lib/x86_64-linux-gnu/libXdmcp.so.6.0.0
7f22dbffe000-7f22dbfff000 r--p 00004000 08:04 5513006                    /usr/lib/x86_64-linux-gnu/libXdmcp.so.6.0.0
7f22dbfff000-7f22dc000000 rw-p 00005000 08:04 5513006                    /usr/lib/x86_64-linux-gnu/libXdmcp.so.6.0.0
7f22dc000000-7f22dc021000 rw-p 00000000 00:00 0 
7f22dc021000-7f22e0000000 ---p 00000000 00:00 0 
7f22e0000000-7f22e0021000 rw-p 00000000 00:00 0 
7f22e0021000-7f22e4000000 ---p 00000000 00:00 0 
7f22e4000000-7f22e4132000 rw-p 00000000 00:00 0 
7f22e4132000-7f22e8000000 ---p 00000000 00:00 0 
7f22e8000000-7f22e856d000 rw-p 00000000 00:00 0 
7f22e856d000-7f22ec000000 ---p 00000000 00:00 0 
7f22ec000000-7f22ec021000 rw-p 00000000 00:00 0 
7f22ec021000-7f22f0000000 ---p 00000000 00:00 0 
7f22f0000000-7f22f0225000 rw-p 00000000 00:00 0 
7f22f0225000-7f22f4000000 ---p 00000000 00:00 0 
7f22f4000000-7f22f4021000 rw-p 00000000 00:00 0 
7f22f4021000-7f22f8000000 ---p 00000000 00:00 0 
7f22f8000000-7f22f8021000 rw-p 00000000 00:00 0 
7f22f8021000-7f22fc000000 ---p 00000000 00:00 0 
7f22fc000000-7f22fc29b000 rw-p 00000000 00:00 0 
7f22fc29b000-7f2300000000 ---p 00000000 00:00 0 
7f2300000000-7f23001e5000 rw-p 00000000 00:00 0 
7f23001e5000-7f2304000000 ---p 00000000 00:00 0 
7f2304000000-7f2304002000 r--s 00000000 08:04 6829825                    /var/cache/fontconfig/67709b7835c0f764c1135060c9575660-le64.cache-6
7f2304002000-7f2304006000 r--s 00000000 08:04 6831862                    /var/cache/fontconfig/0843ca893a93b5446bad221815920e23-le64.cache-6
7f2304006000-7f2304009000 r--s 00000000 08:04 6831901                    /var/cache/fontconfig/b2d60264172c9fafc2f82e9237d8d959-le64.cache-6
7f2304009000-7f2304010000 r--s 00000000 08:04 6829812                    /var/cache/fontconfig/53d14c92082a93e67d5078324eb314ca-le64.cache-6
7f2304010000-7f2304014000 r--s 00000000 08:04 6829810                    /var/cache/fontconfig/6c08beecf0dac481ec92e759e0c2e6d7-le64.cache-6
7f2304014000-7f2304027000 r--s 00000000 08:04 6829769                    /var/cache/fontconfig/4ac51e5cfbc76fc3f983e470323a16d3-le64.cache-6
7f2304027000-7f230403d000 r--s 00000000 08:04 6829718                    /var/cache/fontconfig/e13b20fdb08344e0e664864cc2ede53d-le64.cache-6
7f230403d000-7f230405e000 r--s 00000000 08:04 6815976                    /var/cache/fontconfig/467c019e582ee353435ea5c21d137ef6-le64.cache-6
7f230405e000-7f2304060000 r-xp 00000000 08:04 5512995                    /usr/lib/x86_64-linux-gnu/libXau.so.6.0.0
7f2304060000-7f2304260000 ---p 00002000 08:04 5512995                    /usr/lib/x86_64-linux-gnu/libXau.so.6.0.0
7f2304260000-7f2304261000 r--p 00002000 08:04 5512995                    /usr/lib/x86_64-linux-gnu/libXau.so.6.0.0
7f2304261000-7f2304262000 rw-p 00003000 08:04 5512995                    /usr/lib/x86_64-linux-gnu/libXau.so.6.0.0
7f2304262000-7f2304283000 r-xp 00000000 08:04 5514244                    /usr/lib/x86_64-linux-gnu/libxcb.so.1.1.0
7f2304283000-7f2304482000 ---p 00021000 08:04 5514244                    /usr/lib/x86_64-linux-gnu/libxcb.so.1.1.0
7f2304482000-7f2304483000 r--p 00020000 08:04 5514244                    /usr/lib/x86_64-linux-gnu/libxcb.so.1.1.0
7f2304483000-7f2304484000 rw-p 00021000 08:04 5514244                    /usr/lib/x86_64-linux-gnu/libxcb.so.1.1.0
7f2304484000-7f2304493000 r-xp 00000000 08:04 5513016                    /usr/lib/x86_64-linux-gnu/libXi.so.6.1.0
7f2304493000-7f2304692000 ---p 0000f000 08:04 5513016                    /usr/lib/x86_64-linux-gnu/libXi.so.6.1.0
7f2304692000-7f2304693000 r--p 0000e000 08:04 5513016                    /usr/lib/x86_64-linux-gnu/libXi.so.6.1.0
7f2304693000-7f2304694000 rw-p 0000f000 08:04 5513016                    /usr/lib/x86_64-linux-gnu/libXi.so.6.1.0
7f2304694000-7f2304699000 r-xp 00000000 08:04 5513034                    /usr/lib/x86_64-linux-gnu/libXtst.so.6.1.0
7f2304699000-7f2304898000 ---p 00005000 08:04 5513034                    /usr/lib/x86_64-linux-gnu/libXtst.so.6.1.0
7f2304898000-7f2304899000 r--p 00004000 08:04 5513034                    /usr/lib/x86_64-linux-gnu/libXtst.so.6.1.0
7f2304899000-7f230489a000 rw-p 00005000 08:04 5513034                    /usr/lib/x86_64-linux-gnu/libXtst.so.6.1.0
7f230489a000-7f23048a3000 r-xp 00000000 08:04 5513028                    /usr/lib/x86_64-linux-gnu/libXrender.so.1.3.0
7f23048a3000-7f2304aa2000 ---p 00009000 08:04 5513028                    /usr/lib/x86_64-linux-gnu/libXrender.so.1.3.0
7f2304aa2000-7f2304aa3000 r--p 00008000 08:04 5513028                    /usr/lib/x86_64-linux-gnu/libXrender.so.1.3.0
7f2304aa3000-7f2304aa4000 rw-p 00009000 08:04 5513028                    /usr/lib/x86_64-linux-gnu/libXrender.so.1.3.0
7f2304aa4000-7f2304bd9000 r-xp 00000000 08:04 5508238                    /usr/lib/x86_64-linux-gnu/libX11.so.6.3.0
7f2304bd9000-7f2304dd9000 ---p 00135000 08:04 5508238                    /usr/lib/x86_64-linux-gnu/libX11.so.6.3.0
7f2304dd9000-7f2304dda000 r--p 00135000 08:04 5508238                    /usr/lib/x86_64-linux-gnu/libX11.so.6.3.0
7f2304dda000-7f2304dde000 rw-p 00136000 08:04 5508238                    /usr/lib/x86_64-linux-gnu/libX11.so.6.3.0
7f2304dde000-7f2304def000 r-xp 00000000 08:04 5513008                    /usr/lib/x86_64-linux-gnu/libXext.so.6.4.0
7f2304def000-7f2304fee000 ---p 00011000 08:04 5513008                    /usr/lib/x86_64-linux-gnu/libXext.so.6.4.0
7f2304fee000-7f2304fef000 r--p 00010000 08:04 5513008                    /usr/lib/x86_64-linux-gnu/libXext.so.6.4.0
7f2304fef000-7f2304ff0000 rw-p 00011000 08:04 5513008                    /usr/lib/x86_64-linux-gnu/libXext.so.6.4.0
7f2304ff0000-7f2304ff1000 r--s 00000000 08:04 6829826                    /var/cache/fontconfig/406a1d2d2bf3ed7664fbadefac0b2f66-le64.cache-6
7f2304ff1000-7f2304ff3000 r--s 00000000 08:04 6829819                    /var/cache/fontconfig/6e6b34ae150a7ad95e82fb4a522f0bda-le64.cache-6
7f2304ff3000-7f2304ff7000 r--s 00000000 08:04 6829807                    /var/cache/fontconfig/4d6aee6d44eccb37054d3216e945f618-le64.cache-6
7f2304ff7000-7f2304ffb000 r--s 00000000 08:04 6829805                    /var/cache/fontconfig/d6c6df98c3df5faf9bd0f8ef4d91efe5-le64.cache-6
7f2304ffb000-7f2304fff000 r--s 00000000 08:04 6829799                    /var/cache/fontconfig/9fb319ef52839f11ee26ab8b4cffa12b-le64.cache-6
7f2304fff000-7f2305001000 r--s 00000000 08:04 6829796                    /var/cache/fontconfig/43bfe21a9e1edebcf703d79ee2950b06-le64.cache-6
7f2305001000-7f230500e000 r--s 00000000 08:04 6815978                    /var/cache/fontconfig/8f02d4cb045bd6ce15663e43f347c9f8-le64.cache-6
7f230500e000-7f2305061000 r-xp 00000000 08:04 6950220                    /usr/lib/jvm/java-8-oracle/jre/lib/amd64/libawt_xawt.so
7f2305061000-7f2305260000 ---p 00053000 08:04 6950220                    /usr/lib/jvm/java-8-oracle/jre/lib/amd64/libawt_xawt.so
7f2305260000-7f2305261000 r--p 00052000 08:04 6950220                    /usr/lib/jvm/java-8-oracle/jre/lib/amd64/libawt_xawt.so
7f2305261000-7f2305264000 rw-p 00053000 08:04 6950220                    /usr/lib/jvm/java-8-oracle/jre/lib/amd64/libawt_xawt.so
7f2305264000-7f2305265000 rw-p 00000000 00:00 0 
7f2305265000-7f2305304000 r-xp 00000000 08:04 6950206                    /usr/lib/jvm/java-8-oracle/jre/lib/amd64/libawt.so
7f2305304000-7f2305504000 ---p 0009f000 08:04 6950206                    /usr/lib/jvm/java-8-oracle/jre/lib/amd64/libawt.so
7f2305504000-7f2305505000 r--p 0009f000 08:04 6950206                    /usr/lib/jvm/java-8-oracle/jre/lib/amd64/libawt.so
7f2305505000-7f2305510000 rw-p 000a0000 08:04 6950206                    /usr/lib/jvm/java-8-oracle/jre/lib/amd64/libawt.so
7f2305510000-7f2305535000 rw-p 00000000 00:00 0 
7f2305535000-7f2305536000 ---p 00000000 00:00 0 
7f2305536000-7f2305636000 rw-p 00000000 00:00 0 
7f2305636000-7f2305639000 ---p 00000000 00:00 0 
7f2305639000-7f2305737000 rw-p 00000000 00:00 0 
7f2305737000-7f230573a000 ---p 00000000 00:00 0 
7f230573a000-7f2305838000 rw-p 00000000 00:00 0 
7f2305838000-7f230583b000 ---p 00000000 00:00 0 
7f230583b000-7f2305939000 rw-p 00000000 00:00 0 
7f2305939000-7f230593c000 ---p 00000000 00:00 0 
7f230593c000-7f2305a3a000 rw-p 00000000 00:00 0 
7f2305a3a000-7f2305a3d000 ---p 00000000 00:00 0 
7f2305a3d000-7f2305b3b000 rw-p 00000000 00:00 0 
7f2305b3b000-7f2306f8d000 r--p 00000000 08:04 5511987                    /usr/lib/locale/locale-archive
7f2306f8d000-7f2306f90000 ---p 00000000 00:00 0 
7f2306f90000-7f230708e000 rw-p 00000000 00:00 0 
7f230708e000-7f2307091000 ---p 00000000 00:00 0 
7f2307091000-7f230718f000 rw-p 00000000 00:00 0 
7f230718f000-7f2307190000 ---p 00000000 00:00 0 
7f2307190000-7f2308000000 rw-p 00000000 00:00 0 
7f2308000000-7f2308322000 rw-p 00000000 00:00 0 
7f2308322000-7f230c000000 ---p 00000000 00:00 0 
7f230c000000-7f230c348000 rw-p 00000000 00:00 0 
7f230c348000-7f2310000000 ---p 00000000 00:00 0 
7f2310000000-7f23106b2000 rw-p 00000000 00:00 0 
7f23106b2000-7f2314000000 ---p 00000000 00:00 0 
7f2314000000-7f2314001000 r--s 00000000 08:04 6831875                    /var/cache/fontconfig/30829fa25452a46451e813d634d7f916-le64.cache-6
7f2314001000-7f2314004000 r--s 00000000 08:04 6829766                    /var/cache/fontconfig/c19b55eb3b4c5b40ea175e31682068a5-le64.cache-6
7f2314004000-7f2314008000 r--s 00000000 08:04 6829722                    /var/cache/fontconfig/3629f2adf904f9a612908891fae71ceb-le64.cache-6
7f2314008000-7f231422b000 rw-p 00000000 00:00 0 
7f231422b000-7f2314405000 r--s 03d6c000 08:04 6949984                    /usr/lib/jvm/java-8-oracle/jre/lib/rt.jar
7f2314405000-7f2317d39000 rw-p 00000000 00:00 0 
7f2317d39000-7f2317d3a000 ---p 00000000 00:00 0 
7f2317d3a000-7f2317e3a000 rw-p 00000000 00:00 0 
7f2317e3a000-7f2317e3b000 ---p 00000000 00:00 0 
7f2317e3b000-7f2317f3b000 rw-p 00000000 00:00 0 
7f2317f3b000-7f2317f3c000 ---p 00000000 00:00 0 
7f2317f3c000-7f231803c000 rw-p 00000000 00:00 0 
7f231803c000-7f231803d000 ---p 00000000 00:00 0 
7f231803d000-7f23182e4000 rw-p 00000000 00:00 0 
7f23182e4000-7f2318327000 ---p 00000000 00:00 0 
7f2318327000-7f23184ce000 rw-p 00000000 00:00 0 
7f23184ce000-7f2318510000 ---p 00000000 00:00 0 
7f2318510000-7f23185f0000 rw-p 00000000 00:00 0 
7f23185f0000-7f2318605000 ---p 00000000 00:00 0 
7f2318605000-7f2318612000 rw-p 00000000 00:00 0 
7f2318612000-7f23189c6000 ---p 00000000 00:00 0 
7f23189c6000-7f2318cb6000 rwxp 00000000 00:00 0 
7f2318cb6000-7f23279c6000 ---p 00000000 00:00 0 
7f23279c6000-7f23279e0000 r-xp 00000000 08:04 6950209                    /usr/lib/jvm/java-8-oracle/jre/lib/amd64/libzip.so
7f23279e0000-7f2327be0000 ---p 0001a000 08:04 6950209                    /usr/lib/jvm/java-8-oracle/jre/lib/amd64/libzip.so
7f2327be0000-7f2327be1000 r--p 0001a000 08:04 6950209                    /usr/lib/jvm/java-8-oracle/jre/lib/amd64/libzip.so
7f2327be1000-7f2327be2000 rw-p 0001b000 08:04 6950209                    /usr/lib/jvm/java-8-oracle/jre/lib/amd64/libzip.so
7f2327be2000-7f2327bed000 r-xp 00000000 08:04 5767419                    /lib/x86_64-linux-gnu/libnss_files-2.23.so
7f2327bed000-7f2327dec000 ---p 0000b000 08:04 5767419                    /lib/x86_64-linux-gnu/libnss_files-2.23.so
7f2327dec000-7f2327ded000 r--p 0000a000 08:04 5767419                    /lib/x86_64-linux-gnu/libnss_files-2.23.so
7f2327ded000-7f2327dee000 rw-p 0000b000 08:04 5767419                    /lib/x86_64-linux-gnu/libnss_files-2.23.so
7f2327dee000-7f2327df4000 rw-p 00000000 00:00 0 
7f2327df4000-7f2327dff000 r-xp 00000000 08:04 5767423                    /lib/x86_64-linux-gnu/libnss_nis-2.23.so
7f2327dff000-7f2327ffe000 ---p 0000b000 08:04 5767423                    /lib/x86_64-linux-gnu/libnss_nis-2.23.so
7f2327ffe000-7f2327fff000 r--p 0000a000 08:04 5767423                    /lib/x86_64-linux-gnu/libnss_nis-2.23.so
7f2327fff000-7f2328000000 rw-p 0000b000 08:04 5767423                    /lib/x86_64-linux-gnu/libnss_nis-2.23.so
7f2328000000-7f232856d000 rw-p 00000000 00:00 0 
7f232856d000-7f232c000000 ---p 00000000 00:00 0 
7f232c000000-7f232c001000 r--s 00000000 08:04 6831868                    /var/cache/fontconfig/0c9eb80ebd1c36541ebe2852d3bb0c49-le64.cache-6
7f232c001000-7f232c006000 r--s 00000000 08:04 6815980                    /var/cache/fontconfig/7ef2298fde41cc6eeb7af42e48b7d293-le64.cache-6
7f232c006000-7f232c055000 rw-p 00000000 00:00 0 
7f232c055000-7f232c06b000 r-xp 00000000 08:04 5767403                    /lib/x86_64-linux-gnu/libnsl-2.23.so
7f232c06b000-7f232c26a000 ---p 00016000 08:04 5767403                    /lib/x86_64-linux-gnu/libnsl-2.23.so
7f232c26a000-7f232c26b000 r--p 00015000 08:04 5767403                    /lib/x86_64-linux-gnu/libnsl-2.23.so
7f232c26b000-7f232c26c000 rw-p 00016000 08:04 5767403                    /lib/x86_64-linux-gnu/libnsl-2.23.so
7f232c26c000-7f232c26e000 rw-p 00000000 00:00 0 
7f232c26e000-7f232c276000 r-xp 00000000 08:04 5767414                    /lib/x86_64-linux-gnu/libnss_compat-2.23.so
7f232c276000-7f232c475000 ---p 00008000 08:04 5767414                    /lib/x86_64-linux-gnu/libnss_compat-2.23.so
7f232c475000-7f232c476000 r--p 00007000 08:04 5767414                    /lib/x86_64-linux-gnu/libnss_compat-2.23.so
7f232c476000-7f232c477000 rw-p 00008000 08:04 5767414                    /lib/x86_64-linux-gnu/libnss_compat-2.23.so
7f232c477000-7f232c4a4000 r-xp 00000000 08:04 6950203                    /usr/lib/jvm/java-8-oracle/jre/lib/amd64/libjava.so
7f232c4a4000-7f232c6a3000 ---p 0002d000 08:04 6950203                    /usr/lib/jvm/java-8-oracle/jre/lib/amd64/libjava.so
7f232c6a3000-7f232c6a4000 r--p 0002c000 08:04 6950203                    /usr/lib/jvm/java-8-oracle/jre/lib/amd64/libjava.so
7f232c6a4000-7f232c6a6000 rw-p 0002d000 08:04 6950203                    /usr/lib/jvm/java-8-oracle/jre/lib/amd64/libjava.so
7f232c6a6000-7f232c6b3000 r-xp 00000000 08:04 6950208                    /usr/lib/jvm/java-8-oracle/jre/lib/amd64/libverify.so
7f232c6b3000-7f232c8b2000 ---p 0000d000 08:04 6950208                    /usr/lib/jvm/java-8-oracle/jre/lib/amd64/libverify.so
7f232c8b2000-7f232c8b4000 r--p 0000c000 08:04 6950208                    /usr/lib/jvm/java-8-oracle/jre/lib/amd64/libverify.so
7f232c8b4000-7f232c8b5000 rw-p 0000e000 08:04 6950208                    /usr/lib/jvm/java-8-oracle/jre/lib/amd64/libverify.so
7f232c8b5000-7f232c8bc000 r-xp 00000000 08:04 5767424                    /lib/x86_64-linux-gnu/librt-2.23.so
7f232c8bc000-7f232cabb000 ---p 00007000 08:04 5767424                    /lib/x86_64-linux-gnu/librt-2.23.so
7f232cabb000-7f232cabc000 r--p 00006000 08:04 5767424                    /lib/x86_64-linux-gnu/librt-2.23.so
7f232cabc000-7f232cabd000 rw-p 00007000 08:04 5767424                    /lib/x86_64-linux-gnu/librt-2.23.so
7f232cabd000-7f232cbc5000 r-xp 00000000 08:04 5767402                    /lib/x86_64-linux-gnu/libm-2.23.so
7f232cbc5000-7f232cdc4000 ---p 00108000 08:04 5767402                    /lib/x86_64-linux-gnu/libm-2.23.so
7f232cdc4000-7f232cdc5000 r--p 00107000 08:04 5767402                    /lib/x86_64-linux-gnu/libm-2.23.so
7f232cdc5000-7f232cdc6000 rw-p 00108000 08:04 5767402                    /lib/x86_64-linux-gnu/libm-2.23.so
7f232cdc6000-7f232daa8000 r-xp 00000000 08:04 6950185                    /usr/lib/jvm/java-8-oracle/jre/lib/amd64/server/libjvm.so
7f232daa8000-7f232dca8000 ---p 00ce2000 08:04 6950185                    /usr/lib/jvm/java-8-oracle/jre/lib/amd64/server/libjvm.so
7f232dca8000-7f232dd3e000 r--p 00ce2000 08:04 6950185                    /usr/lib/jvm/java-8-oracle/jre/lib/amd64/server/libjvm.so
7f232dd3e000-7f232dd6f000 rw-p 00d78000 08:04 6950185                    /usr/lib/jvm/java-8-oracle/jre/lib/amd64/server/libjvm.so
7f232dd6f000-7f232ddaa000 rw-p 00000000 00:00 0 
7f232ddaa000-7f232df6a000 r-xp 00000000 08:04 5767406                    /lib/x86_64-linux-gnu/libc-2.23.so
7f232df6a000-7f232e16a000 ---p 001c0000 08:04 5767406                    /lib/x86_64-linux-gnu/libc-2.23.so
7f232e16a000-7f232e16e000 r--p 001c0000 08:04 5767406                    /lib/x86_64-linux-gnu/libc-2.23.so
7f232e16e000-7f232e170000 rw-p 001c4000 08:04 5767406                    /lib/x86_64-linux-gnu/libc-2.23.so
7f232e170000-7f232e174000 rw-p 00000000 00:00 0 
7f232e174000-7f232e177000 r-xp 00000000 08:04 5767408                    /lib/x86_64-linux-gnu/libdl-2.23.so
7f232e177000-7f232e376000 ---p 00003000 08:04 5767408                    /lib/x86_64-linux-gnu/libdl-2.23.so
7f232e376000-7f232e377000 r--p 00002000 08:04 5767408                    /lib/x86_64-linux-gnu/libdl-2.23.so
7f232e377000-7f232e378000 rw-p 00003000 08:04 5767408                    /lib/x86_64-linux-gnu/libdl-2.23.so
7f232e378000-7f232e38f000 r-xp 00000000 08:04 5638360                    /usr/lib/jvm/java-8-oracle/lib/amd64/jli/libjli.so
7f232e38f000-7f232e58e000 ---p 00017000 08:04 5638360                    /usr/lib/jvm/java-8-oracle/lib/amd64/jli/libjli.so
7f232e58e000-7f232e58f000 r--p 00016000 08:04 5638360                    /usr/lib/jvm/java-8-oracle/lib/amd64/jli/libjli.so
7f232e58f000-7f232e590000 rw-p 00017000 08:04 5638360                    /usr/lib/jvm/java-8-oracle/lib/amd64/jli/libjli.so
7f232e590000-7f232e5a8000 r-xp 00000000 08:04 5767405                    /lib/x86_64-linux-gnu/libpthread-2.23.so
7f232e5a8000-7f232e7a7000 ---p 00018000 08:04 5767405                    /lib/x86_64-linux-gnu/libpthread-2.23.so
7f232e7a7000-7f232e7a8000 r--p 00017000 08:04 5767405                    /lib/x86_64-linux-gnu/libpthread-2.23.so
7f232e7a8000-7f232e7a9000 rw-p 00018000 08:04 5767405                    /lib/x86_64-linux-gnu/libpthread-2.23.so
7f232e7a9000-7f232e7ad000 rw-p 00000000 00:00 0 
7f232e7ad000-7f232e7d3000 r-xp 00000000 08:04 5767404                    /lib/x86_64-linux-gnu/ld-2.23.so
7f232e7d3000-7f232e7d4000 r--s 00000000 08:04 6829817                    /var/cache/fontconfig/3334a778d104e76d188e9df399bc24d2-le64.cache-6
7f232e7d4000-7f232e7ed000 r--p 00000000 08:04 7216821                    /usr/share/locale-langpack/pt/LC_MESSAGES/libc.mo
7f232e7ed000-7f232e8ae000 rw-p 00000000 00:00 0 
7f232e8ae000-7f232e8b1000 ---p 00000000 00:00 0 
7f232e8b1000-7f232e9b3000 rw-p 00000000 00:00 0 
7f232e9b3000-7f232e9b4000 r--s 00000000 08:04 6829765                    /var/cache/fontconfig/c277e94e32b20404286a1ddafa5a80f0-le64.cache-6
7f232e9b4000-7f232e9b7000 r--s 00000000 08:04 6829721                    /var/cache/fontconfig/de83a0a961185c8bd1f159015d56c039-le64.cache-6
7f232e9b7000-7f232e9b9000 r--s 00000000 08:04 6815981                    /var/cache/fontconfig/16326683038b281783a0ef8c680e3a10-le64.cache-6
7f232e9b9000-7f232e9ba000 r--s 00000000 08:04 6815977                    /var/cache/fontconfig/e0aa53bcfa504e64f87823c16bc01eb6-le64.cache-6
7f232e9ba000-7f232e9c1000 r--s 00000000 08:04 5642893                    /usr/lib/x86_64-linux-gnu/gconv/gconv-modules.cache
7f232e9c1000-7f232e9c6000 r--s 002f9000 08:04 6949982                    /usr/lib/jvm/java-8-oracle/jre/lib/charsets.jar
7f232e9c6000-7f232e9c7000 r--s 00000000 08:04 3152038                    /home/meimarcel/netbeans-8.2/java/modules/ext/AbsoluteLayout.jar
7f232e9c7000-7f232e9cf000 rw-s 00000000 08:04 131151                     /tmp/hsperfdata_meimarcel/28425
7f232e9cf000-7f232e9d0000 rw-p 00000000 00:00 0 
7f232e9d0000-7f232e9d1000 ---p 00000000 00:00 0 
7f232e9d1000-7f232e9d2000 rw-p 00000000 00:00 0 
7f232e9d2000-7f232e9d3000 r--p 00025000 08:04 5767404                    /lib/x86_64-linux-gnu/ld-2.23.so
7f232e9d3000-7f232e9d4000 rw-p 00026000 08:04 5767404                    /lib/x86_64-linux-gnu/ld-2.23.so
7f232e9d4000-7f232e9d5000 rw-p 00000000 00:00 0 
7ffffbb5b000-7ffffbb7c000 rw-p 00000000 00:00 0                          [stack]
7ffffbb82000-7ffffbb85000 r--p 00000000 00:00 0                          [vvar]
7ffffbb85000-7ffffbb87000 r-xp 00000000 00:00 0                          [vdso]
ffffffffff600000-ffffffffff601000 r-xp 00000000 00:00 0                  [vsyscall]

VM Arguments:
jvm_args: -Dfile.encoding=UTF-8 
java_command: main.TelaInicial
java_class_path (initial): /home/meimarcel/netbeans-8.2/java/modules/ext/AbsoluteLayout.jar:/home/meimarcel/NetBeansProjects/TrabalhoGrafos2/build/classes
Launcher Type: SUN_STANDARD

Environment Variables:
PATH=/home/meimarcel/bin:/home/meimarcel/.local/bin:/usr/local/sbin:/usr/local/bin:/usr/sbin:/usr/bin:/sbin:/bin:/usr/games:/usr/local/games:/snap/bin:/home/meimarcel/.rvm/bin
LD_LIBRARY_PATH=/usr/lib/jvm/java-8-oracle/jre/lib/amd64:/usr/lib/jvm/java-8-oracle/jre/lib/i386:
SHELL=/bin/bash
DISPLAY=:0

Signal Handlers:
SIGSEGV: [libjvm.so+0xaced60], sa_mask[0]=11111111011111111101111111111110, sa_flags=SA_RESTART|SA_SIGINFO
SIGBUS: [libjvm.so+0xaced60], sa_mask[0]=11111111011111111101111111111110, sa_flags=SA_RESTART|SA_SIGINFO
SIGFPE: [libjvm.so+0x907ca0], sa_mask[0]=11111111011111111101111111111110, sa_flags=SA_RESTART|SA_SIGINFO
SIGPIPE: [libjvm.so+0x907ca0], sa_mask[0]=11111111011111111101111111111110, sa_flags=SA_RESTART|SA_SIGINFO
SIGXFSZ: [libjvm.so+0x907ca0], sa_mask[0]=11111111011111111101111111111110, sa_flags=SA_RESTART|SA_SIGINFO
SIGILL: [libjvm.so+0x907ca0], sa_mask[0]=11111111011111111101111111111110, sa_flags=SA_RESTART|SA_SIGINFO
SIGUSR1: SIG_DFL, sa_mask[0]=00000000000000000000000000000000, sa_flags=none
SIGUSR2: [libjvm.so+0x907b70], sa_mask[0]=00100000000000000000000000000000, sa_flags=SA_RESTART|SA_SIGINFO
SIGHUP: [libjvm.so+0x908190], sa_mask[0]=11111111011111111101111111111110, sa_flags=SA_RESTART|SA_SIGINFO
SIGINT: SIG_IGN, sa_mask[0]=00000000000000000000000000000000, sa_flags=none
SIGTERM: [libjvm.so+0x908190], sa_mask[0]=11111111011111111101111111111110, sa_flags=SA_RESTART|SA_SIGINFO
SIGQUIT: [libjvm.so+0x908190], sa_mask[0]=11111111011111111101111111111110, sa_flags=SA_RESTART|SA_SIGINFO


---------------  S Y S T E M  ---------------

OS:DISTRIB_ID="elementary"
DISTRIB_RELEASE=0.4.1
DISTRIB_CODENAME=loki
DISTRIB_DESCRIPTION="elementary OS 0.4.1 Loki"

uname:Linux 4.4.0-139-generic #165-Ubuntu SMP Wed Oct 24 10:58:50 UTC 2018 x86_64
libc:glibc 2.23 NPTL 2.23 
rlimit: STACK 8192k, CORE 0k, NPROC 23117, NOFILE 1048576, AS infinity
load average:1,10 0,46 0,36

/proc/meminfo:
MemTotal:        6010876 kB
MemFree:          131468 kB
MemAvailable:      60444 kB
Buffers:            1556 kB
Cached:           500632 kB
SwapCached:            0 kB
Active:          5163876 kB
Inactive:         441008 kB
Active(anon):    5128820 kB
Inactive(anon):   406512 kB
Active(file):      35056 kB
Inactive(file):    34496 kB
Unevictable:          48 kB
Mlocked:              48 kB
SwapTotal:             0 kB
SwapFree:              0 kB
Dirty:              1044 kB
Writeback:             0 kB
AnonPages:       5102876 kB
Mapped:           216128 kB
Shmem:            432512 kB
Slab:              97628 kB
SReclaimable:      44004 kB
SUnreclaim:        53624 kB
KernelStack:       14288 kB
PageTables:        73852 kB
NFS_Unstable:          0 kB
Bounce:                0 kB
WritebackTmp:          0 kB
CommitLimit:     3005436 kB
Committed_AS:   13755724 kB
VmallocTotal:   34359738367 kB
VmallocUsed:           0 kB
VmallocChunk:          0 kB
HardwareCorrupted:     0 kB
AnonHugePages:         0 kB
CmaTotal:              0 kB
CmaFree:               0 kB
HugePages_Total:       0
HugePages_Free:        0
HugePages_Rsvd:        0
HugePages_Surp:        0
Hugepagesize:       2048 kB
DirectMap4k:      244620 kB
DirectMap2M:     5947392 kB
DirectMap1G:           0 kB

container (cgroup) information:
container_type: cgroupv1
cpu_cpuset_cpus: 0-3
cpu_memory_nodes: 0
active_processor_count: 4
cpu_quota: -1
cpu_period: 100000
cpu_shares: -1
memory_limit_in_bytes: -1
memory_and_swap_limit_in_bytes: -2
memory_soft_limit_in_bytes: -1
memory_usage_in_bytes: 5740163072
memory_max_usage_in_bytes: 0


CPU:total 4 (initial active 4) (2 cores per cpu, 2 threads per core) family 6 model 61 stepping 4, cmov, cx8, fxsr, mmx, sse, sse2, sse3, ssse3, sse4.1, sse4.2, popcnt, avx, avx2, aes, clmul, erms, 3dnowpref, lzcnt, ht, tsc, tscinvbit, bmi1, bmi2, adx

/proc/cpuinfo:
processor	: 0
vendor_id	: GenuineIntel
cpu family	: 6
model		: 61
model name	: Intel(R) Core(TM) i5-5200U CPU @ 2.20GHz
stepping	: 4
microcode	: 0x2b
cpu MHz		: 2200.945
cache size	: 3072 KB
physical id	: 0
siblings	: 4
core id		: 0
cpu cores	: 2
apicid		: 0
initial apicid	: 0
fpu		: yes
fpu_exception	: yes
cpuid level	: 20
wp		: yes
flags		: fpu vme de pse tsc msr pae mce cx8 apic sep mtrr pge mca cmov pat pse36 clflush dts acpi mmx fxsr sse sse2 ss ht tm pbe syscall nx pdpe1gb rdtscp lm constant_tsc arch_perfmon pebs bts rep_good nopl xtopology nonstop_tsc aperfmperf pni pclmulqdq dtes64 monitor ds_cpl vmx est tm2 ssse3 sdbg fma cx16 xtpr pdcm pcid sse4_1 sse4_2 x2apic movbe popcnt tsc_deadline_timer aes xsave avx f16c rdrand lahf_lm abm 3dnowprefetch epb invpcid_single intel_pt ssbd ibrs ibpb stibp kaiser tpr_shadow vnmi flexpriority ept vpid fsgsbase tsc_adjust bmi1 avx2 smep bmi2 erms invpcid rdseed adx smap xsaveopt dtherm ida arat pln pts flush_l1d
bugs		: cpu_meltdown spectre_v1 spectre_v2 spec_store_bypass l1tf
bogomips	: 4389.77
clflush size	: 64
cache_alignment	: 64
address sizes	: 39 bits physical, 48 bits virtual
power management:

processor	: 1
vendor_id	: GenuineIntel
cpu family	: 6
model		: 61
model name	: Intel(R) Core(TM) i5-5200U CPU @ 2.20GHz
stepping	: 4
microcode	: 0x2b
cpu MHz		: 2359.070
cache size	: 3072 KB
physical id	: 0
siblings	: 4
core id		: 1
cpu cores	: 2
apicid		: 2
initial apicid	: 2
fpu		: yes
fpu_exception	: yes
cpuid level	: 20
wp		: yes
flags		: fpu vme de pse tsc msr pae mce cx8 apic sep mtrr pge mca cmov pat pse36 clflush dts acpi mmx fxsr sse sse2 ss ht tm pbe syscall nx pdpe1gb rdtscp lm constant_tsc arch_perfmon pebs bts rep_good nopl xtopology nonstop_tsc aperfmperf pni pclmulqdq dtes64 monitor ds_cpl vmx est tm2 ssse3 sdbg fma cx16 xtpr pdcm pcid sse4_1 sse4_2 x2apic movbe popcnt tsc_deadline_timer aes xsave avx f16c rdrand lahf_lm abm 3dnowprefetch epb invpcid_single intel_pt ssbd ibrs ibpb stibp kaiser tpr_shadow vnmi flexpriority ept vpid fsgsbase tsc_adjust bmi1 avx2 smep bmi2 erms invpcid rdseed adx smap xsaveopt dtherm arat pln pts flush_l1d
bugs		: cpu_meltdown spectre_v1 spectre_v2 spec_store_bypass l1tf
bogomips	: 4389.77
clflush size	: 64
cache_alignment	: 64
address sizes	: 39 bits physical, 48 bits virtual
power management:

processor	: 2
vendor_id	: GenuineIntel
cpu family	: 6
model		: 61
model name	: Intel(R) Core(TM) i5-5200U CPU @ 2.20GHz
stepping	: 4
microcode	: 0x2b
cpu MHz		: 2128.671
cache size	: 3072 KB
physical id	: 0
siblings	: 4
core id		: 0
cpu cores	: 2
apicid		: 1
initial apicid	: 1
fpu		: yes
fpu_exception	: yes
cpuid level	: 20
wp		: yes
flags		: fpu vme de pse tsc msr pae mce cx8 apic sep mtrr pge mca cmov pat pse36 clflush dts acpi mmx fxsr sse sse2 ss ht tm pbe syscall nx pdpe1gb rdtscp lm constant_tsc arch_perfmon pebs bts rep_good nopl xtopology nonstop_tsc aperfmperf pni pclmulqdq dtes64 monitor ds_cpl vmx est tm2 ssse3 sdbg fma cx16 xtpr pdcm pcid sse4_1 sse4_2 x2apic movbe popcnt tsc_deadline_timer aes xsave avx f16c rdrand lahf_lm abm 3dnowprefetch epb invpcid_single intel_pt ssbd ibrs ibpb stibp kaiser tpr_shadow vnmi flexpriority ept vpid fsgsbase tsc_adjust bmi1 avx2 smep bmi2 erms invpcid rdseed adx smap xsaveopt dtherm arat pln pts flush_l1d
bugs		: cpu_meltdown spectre_v1 spectre_v2 spec_store_bypass l1tf
bogomips	: 4389.77
clflush size	: 64
cache_alignment	: 64
address sizes	: 39 bits physical, 48 bits virtual
power management:

processor	: 3
vendor_id	: GenuineIntel
cpu family	: 6
model		: 61
model name	: Intel(R) Core(TM) i5-5200U CPU @ 2.20GHz
stepping	: 4
microcode	: 0x2b
cpu MHz		: 2472.765
cache size	: 3072 KB
physical id	: 0
siblings	: 4
core id		: 1
cpu cores	: 2
apicid		: 3
initial apicid	: 3
fpu		: yes
fpu_exception	: yes
cpuid level	: 20
wp		: yes
flags		: fpu vme de pse tsc msr pae mce cx8 apic sep mtrr pge mca cmov pat pse36 clflush dts acpi mmx fxsr sse sse2 ss ht tm pbe syscall nx pdpe1gb rdtscp lm constant_tsc arch_perfmon pebs bts rep_good nopl xtopology nonstop_tsc aperfmperf pni pclmulqdq dtes64 monitor ds_cpl vmx est tm2 ssse3 sdbg fma cx16 xtpr pdcm pcid sse4_1 sse4_2 x2apic movbe popcnt tsc_deadline_timer aes xsave avx f16c rdrand lahf_lm abm 3dnowprefetch epb invpcid_single intel_pt ssbd ibrs ibpb stibp kaiser tpr_shadow vnmi flexpriority ept vpid fsgsbase tsc_adjust bmi1 avx2 smep bmi2 erms invpcid rdseed adx smap xsaveopt dtherm arat pln pts flush_l1d
bugs		: cpu_meltdown spectre_v1 spectre_v2 spec_store_bypass l1tf
bogomips	: 4389.77
clflush size	: 64
cache_alignment	: 64
address sizes	: 39 bits physical, 48 bits virtual
power management:



Memory: 4k page, physical 6010876k(131004k free), swap 0k(0k free)

vm_info: Java HotSpot(TM) 64-Bit Server VM (25.191-b12) for linux-amd64 JRE (1.8.0_191-b12), built on Oct  6 2018 05:43:09 by "java_re" with gcc 7.3.0

time: Thu Nov 29 17:08:03 2018
elapsed time: 17 seconds (0d 0h 0m 17s)

